0 info it worked if it ends with ok
1 verbose cli [ '/usr/local/bin/node', '/usr/local/bin/npm', 'run', 'build' ]
2 info using npm@3.3.6
3 info using node@v5.0.0
4 verbose run-script [ 'prebuild', 'build', 'postbuild' ]
5 info lifecycle react-social-sharebuttons@1.0.0~prebuild: react-social-sharebuttons@1.0.0
6 silly lifecycle react-social-sharebuttons@1.0.0~prebuild: no script for prebuild, continuing
7 info lifecycle react-social-sharebuttons@1.0.0~build: react-social-sharebuttons@1.0.0
8 verbose lifecycle react-social-sharebuttons@1.0.0~build: unsafe-perm in lifecycle true
9 verbose lifecycle react-social-sharebuttons@1.0.0~build: PATH: /usr/local/lib/node_modules/npm/bin/node-gyp-bin:/Users/uraway/Dropbox/react-social-sharebuttons/node_modules/.bin:/usr/local/lib/node_modules/npm/bin/node-gyp-bin:/Users/uraway/Dropbox/react-social-sharebuttons/node_modules/.bin:/Users/uraway/.rvm/gems/ruby-2.1.4/bin:/Users/uraway/.rvm/gems/ruby-2.1.4@global/bin:/Users/uraway/.rvm/rubies/ruby-2.1.4/bin:/opt/local/bin:/opt/local/sbin:/usr/local/bin:/opt/local/bin:/opt/local/sbin:/opt/local/Library/Frameworks/Python.framework/Versions/2.6/bin:/usr/local/bin:/usr/bin:/bin:/usr/sbin:/sbin:/bin:/usr/bin:/usr/local/bin:/usr/sbin:/Users/uraway/npm/bin:/Users/uraway/.rvm/bin:/Users/uraway/Dropbox/react-social-sharebuttons/node_modules/npm-watch/node_modules/.bin
10 verbose lifecycle react-social-sharebuttons@1.0.0~build: CWD: /Users/uraway/Dropbox/react-social-sharebuttons
11 silly lifecycle react-social-sharebuttons@1.0.0~build: Args: [ '-c', 'babel src --out-dir lib' ]
12 silly lifecycle react-social-sharebuttons@1.0.0~build: Returned: code: 1  signal: null
13 info lifecycle react-social-sharebuttons@1.0.0~build: Failed to exec build script
14 verbose stack Error: react-social-sharebuttons@1.0.0 build: `babel src --out-dir lib`
14 verbose stack Exit status 1
14 verbose stack     at EventEmitter.<anonymous> (/usr/local/lib/node_modules/npm/lib/utils/lifecycle.js:233:16)
14 verbose stack     at emitTwo (events.js:87:13)
14 verbose stack     at EventEmitter.emit (events.js:172:7)
14 verbose stack     at ChildProcess.<anonymous> (/usr/local/lib/node_modules/npm/lib/utils/spawn.js:24:14)
14 verbose stack     at emitTwo (events.js:87:13)
14 verbose stack     at ChildProcess.emit (events.js:172:7)
14 verbose stack     at maybeClose (internal/child_process.js:818:16)
14 verbose stack     at Process.ChildProcess._handle.onexit (internal/child_process.js:211:5)
15 verbose pkgid react-social-sharebuttons@1.0.0
16 verbose cwd /Users/uraway/Dropbox/react-social-sharebuttons
17 error Darwin 15.3.0
18 error argv "/usr/local/bin/node" "/usr/local/bin/npm" "run" "build"
19 error node v5.0.0
20 error npm  v3.3.6
21 error code ELIFECYCLE
22 error react-social-sharebuttons@1.0.0 build: `babel src --out-dir lib`
22 error Exit status 1
23 error Failed at the react-social-sharebuttons@1.0.0 build script 'babel src --out-dir lib'.
23 error This is most likely a problem with the react-social-sharebuttons package,
23 error not with npm itself.
23 error Tell the author that this fails on your system:
23 error     babel src --out-dir lib
23 error You can get their info via:
23 error     npm owner ls react-social-sharebuttons
23 error There is likely additional logging output above.
24 verbose exit [ 1, true ]
